<?xml version="1.0" encoding="UTF-8"?>
<testng-results skipped="0" failed="0" ignored="0" total="2" passed="2">
  <reporter-output>
  </reporter-output>
  <suite name="Default suite" duration-ms="73888" started-at="2021-06-10T20:07:29 IST" finished-at="2021-06-10T20:08:43 IST">
    <groups>
    </groups>
    <test name="Default test" duration-ms="73888" started-at="2021-06-10T20:07:29 IST" finished-at="2021-06-10T20:08:43 IST">
      <class name="chromeBrowser.FirstSeleniumScript">
        <test-method status="PASS" signature="setup()[pri:0, instance:chromeBrowser.FirstSeleniumScript@731a74c]" name="setup" is-config="true" duration-ms="13303" started-at="2021-06-10T20:07:29 IST" finished-at="2021-06-10T20:07:42 IST">
          <reporter-output>
          </reporter-output>
        </test-method> <!-- setup -->
        <test-method status="PASS" signature="Title()[pri:0, instance:chromeBrowser.FirstSeleniumScript@731a74c]" name="Title" duration-ms="16" started-at="2021-06-10T20:07:42 IST" finished-at="2021-06-10T20:07:42 IST">
          <reporter-output>
          </reporter-output>
        </test-method> <!-- Title -->
        <test-method status="PASS" signature="login()[pri:0, instance:chromeBrowser.FirstSeleniumScript@731a74c]" name="login" duration-ms="60532" started-at="2021-06-10T20:07:42 IST" finished-at="2021-06-10T20:08:43 IST">
          <reporter-output>
          </reporter-output>
        </test-method> <!-- login -->
      </class> <!-- chromeBrowser.FirstSeleniumScript -->
    </test> <!-- Default test -->
  </suite> <!-- Default suite -->
</testng-results>
